This file contains any messages produced by compilers while
running configure, to aid debugging if configure makes a mistake.

It was created by bd configure 0.01, which was
generated by GNU Autoconf 2.69.  Invocation command line was

  $ ./configure 

## --------- ##
## Platform. ##
## --------- ##

hostname = DESKTOP-NLFE3GD
uname -m = x86_64
uname -r = 4.4.0-19041-Microsoft
uname -s = Linux
uname -v = #488-Microsoft Mon Sep 01 13:43:00 PST 2020

/usr/bin/uname -p = x86_64
/bin/uname -X     = unknown

/bin/arch              = x86_64
/usr/bin/arch -k       = unknown
/usr/convex/getsysinfo = unknown
/usr/bin/hostinfo      = unknown
/bin/machine           = unknown
/usr/bin/oslevel       = unknown
/bin/universe          = unknown

PATH: /usr/local/sbin
PATH: /usr/local/bin
PATH: /usr/sbin
PATH: /usr/bin
PATH: /sbin
PATH: /bin
PATH: /usr/games
PATH: /usr/local/games
PATH: /mnt/c/Program Files/WindowsApps/CanonicalGroupLimited.UbuntuonWindows_2004.2020.812.0_x64__79rhkp1fndgsc
PATH: /mnt/c/Program Files/Microsoft MPI/Bin/
PATH: /mnt/c/Windows/system32
PATH: /mnt/c/Windows
PATH: /mnt/c/Windows/System32/Wbem
PATH: /mnt/c/Windows/System32/WindowsPowerShell/v1.0/
PATH: /mnt/c/Windows/System32/OpenSSH/
PATH: /mnt/c/Program Files/dotnet/
PATH: /mnt/c/Program Files/Microsoft SQL Server/130/Tools/Binn/
PATH: /mnt/c/Program Files/Microsoft SQL Server/Client SDK/ODBC/170/Tools/Binn/
PATH: /mnt/c/Program Files (x86)/Wiimm/SZS
PATH: /mnt/c/Program Files/Wiimm/SZS
PATH: /mnt/c/Program Files/Git/cmd
PATH: /mnt/c/Program Files/Azure Data Studio/bin
PATH: /mnt/c/Program Files (x86)/Microsoft SQL Server/150/Tools/Binn/
PATH: /mnt/c/Program Files/Microsoft SQL Server/150/Tools/Binn/
PATH: /mnt/c/Program Files (x86)/Microsoft SQL Server/150/DTS/Binn/
PATH: /mnt/c/Program Files/Microsoft SQL Server/150/DTS/Binn/
PATH: /mnt/c/Users/mrmai/AppData/Local/Microsoft/WindowsApps
PATH: /mnt/c/Users/mrmai/.dotnet/tools
PATH: /mnt/c/Users/mrmai/AppData/Local/GitHubDesktop/bin
PATH: /mnt/c/Program Files/mingw-w64/x86_64-8.1.0-posix-seh-rt_v6-rev0/mingw64/bin
PATH: /snap/bin


## ----------- ##
## Core tests. ##
## ----------- ##

configure:2137: checking for a BSD-compatible install
configure:2205: result: /usr/bin/install -c
configure:2216: checking whether build environment is sane
configure:2271: result: yes
configure:2420: checking for a thread-safe mkdir -p
configure:2459: result: /usr/bin/mkdir -p
configure:2466: checking for gawk
configure:2482: found /usr/bin/gawk
configure:2493: result: gawk
configure:2504: checking whether make sets $(MAKE)
configure:2526: result: yes
configure:2555: checking whether make supports nested variables
configure:2572: result: yes
configure:2751: checking for gcc
configure:2767: found /usr/bin/gcc
configure:2778: result: gcc
configure:3007: checking for C compiler version
configure:3016: gcc --version >&5
gcc (Ubuntu 9.3.0-17ubuntu1~20.04) 9.3.0
Copyright (C) 2019 Free Software Foundation, Inc.
This is free software; see the source for copying conditions.  There is NO
warranty; not even for MERCHANTABILITY or FITNESS FOR A PARTICULAR PURPOSE.

configure:3027: $? = 0
configure:3016: gcc -v >&5
Using built-in specs.
COLLECT_GCC=gcc
COLLECT_LTO_WRAPPER=/usr/lib/gcc/x86_64-linux-gnu/9/lto-wrapper
OFFLOAD_TARGET_NAMES=nvptx-none:hsa
OFFLOAD_TARGET_DEFAULT=1
Target: x86_64-linux-gnu
Configured with: ../src/configure -v --with-pkgversion='Ubuntu 9.3.0-17ubuntu1~20.04' --with-bugurl=file:///usr/share/doc/gcc-9/README.Bugs --enable-languages=c,ada,c++,go,brig,d,fortran,objc,obj-c++,gm2 --prefix=/usr --with-gcc-major-version-only --program-suffix=-9 --program-prefix=x86_64-linux-gnu- --enable-shared --enable-linker-build-id --libexecdir=/usr/lib --without-included-gettext --enable-threads=posix --libdir=/usr/lib --enable-nls --enable-clocale=gnu --enable-libstdcxx-debug --enable-libstdcxx-time=yes --with-default-libstdcxx-abi=new --enable-gnu-unique-object --disable-vtable-verify --enable-plugin --enable-default-pie --with-system-zlib --with-target-system-zlib=auto --enable-objc-gc=auto --enable-multiarch --disable-werror --with-arch-32=i686 --with-abi=m64 --with-multilib-list=m32,m64,mx32 --enable-multilib --with-tune=generic --enable-offload-targets=nvptx-none=/build/gcc-9-HskZEa/gcc-9-9.3.0/debian/tmp-nvptx/usr,hsa --without-cuda-driver --enable-checking=release --build=x86_64-linux-gnu --host=x86_64-linux-gnu --target=x86_64-linux-gnu
Thread model: posix
gcc version 9.3.0 (Ubuntu 9.3.0-17ubuntu1~20.04) 
configure:3027: $? = 0
configure:3016: gcc -V >&5
gcc: error: unrecognized command line option '-V'
gcc: fatal error: no input files
compilation terminated.
configure:3027: $? = 1
configure:3016: gcc -qversion >&5
gcc: error: unrecognized command line option '-qversion'; did you mean '--version'?
gcc: fatal error: no input files
compilation terminated.
configure:3027: $? = 1
configure:3047: checking whether the C compiler works
configure:3069: gcc    conftest.c  >&5
configure:3073: $? = 0
configure:3121: result: yes
configure:3124: checking for C compiler default output file name
configure:3126: result: a.out
configure:3132: checking for suffix of executables
configure:3139: gcc -o conftest    conftest.c  >&5
configure:3143: $? = 0
configure:3165: result: 
configure:3187: checking whether we are cross compiling
configure:3195: gcc -o conftest    conftest.c  >&5
configure:3199: $? = 0
configure:3206: ./conftest
configure:3210: $? = 0
configure:3198: result: no
configure:3203: checking for suffix of object files
configure:3225: gcc -c   conftest.c >&5
configure:3229: $? = 0
configure:3250: result: o
configure:3254: checking whether we are using the GNU C compiler
configure:3273: gcc -c   conftest.c >&5
configure:3273: $? = 0
configure:3282: result: yes
configure:3291: checking whether gcc accepts -g
configure:3311: gcc -c -g  conftest.c >&5
configure:3311: $? = 0
configure:3352: result: yes
configure:3369: checking for gcc option to accept ISO C89
configure:3432: gcc  -c -g -O2  conftest.c >&5
configure:3432: $? = 0
configure:3445: result: none needed
configure:3470: checking whether gcc understands -c and -o together
configure:3492: gcc -c conftest.c -o conftest2.o
configure:3495: $? = 0
configure:3492: gcc -c conftest.c -o conftest2.o
configure:3495: $? = 0
configure:3507: result: yes
configure:3527: checking whether make supports the include directive
configure:3542: make -f confmf.GNU && cat confinc.out
this is the am__doit target
configure:3545: $? = 0
configure:3564: result: yes (GNU style)
configure:3589: checking dependency style of gcc
configure:3700: result: none
configure:3725: checking how to run the C preprocessor
configure:3756: gcc -E  conftest.c
configure:3756: $? = 0
configure:3770: gcc -E  conftest.c
conftest.c:11:10: fatal error: ac_nonexistent.h: No such file or directory
   11 | #include <ac_nonexistent.h>
      |          ^~~~~~~~~~~~~~~~~~
compilation terminated.
configure:3770: $? = 1
configure: failed program was:
| /* confdefs.h */
| #define PACKAGE_NAME "bd"
| #define PACKAGE_TARNAME "bd"
| #define PACKAGE_VERSION "0.01"
| #define PACKAGE_STRING "bd 0.01"
| #define PACKAGE_BUGREPORT "google@mail.ru"
| #define PACKAGE_URL ""
| #define PACKAGE "bd"
| #define VERSION "0.01"
| /* end confdefs.h.  */
| #include <ac_nonexistent.h>
configure:3795: result: gcc -E
configure:3815: gcc -E  conftest.c
configure:3815: $? = 0
configure:3829: gcc -E  conftest.c
conftest.c:11:10: fatal error: ac_nonexistent.h: No such file or directory
   11 | #include <ac_nonexistent.h>
      |          ^~~~~~~~~~~~~~~~~~
compilation terminated.
configure:3829: $? = 1
configure: failed program was:
| /* confdefs.h */
| #define PACKAGE_NAME "bd"
| #define PACKAGE_TARNAME "bd"
| #define PACKAGE_VERSION "0.01"
| #define PACKAGE_STRING "bd 0.01"
| #define PACKAGE_BUGREPORT "google@mail.ru"
| #define PACKAGE_URL ""
| #define PACKAGE "bd"
| #define VERSION "0.01"
| /* end confdefs.h.  */
| #include <ac_nonexistent.h>
configure:3858: checking for grep that handles long lines and -e
configure:3916: result: /usr/bin/grep
configure:3921: checking for egrep
configure:3983: result: /usr/bin/grep -E
configure:3988: checking for ANSI C header files
configure:4008: gcc -c -g -O2  conftest.c >&5
configure:4008: $? = 0
configure:4081: gcc -o conftest -g -O2   conftest.c  >&5
configure:4081: $? = 0
configure:4081: ./conftest
configure:4081: $? = 0
configure:4092: result: yes
configure:4105: checking for sys/types.h
configure:4105: gcc -c -g -O2  conftest.c >&5
configure:4105: $? = 0
configure:4105: result: yes
configure:4105: checking for sys/stat.h
configure:4105: gcc -c -g -O2  conftest.c >&5
configure:4105: $? = 0
configure:4105: result: yes
configure:4105: checking for stdlib.h
configure:4105: gcc -c -g -O2  conftest.c >&5
configure:4105: $? = 0
configure:4105: result: yes
configure:4105: checking for string.h
configure:4105: gcc -c -g -O2  conftest.c >&5
configure:4105: $? = 0
configure:4105: result: yes
configure:4105: checking for memory.h
configure:4105: gcc -c -g -O2  conftest.c >&5
configure:4105: $? = 0
configure:4105: result: yes
configure:4105: checking for strings.h
configure:4105: gcc -c -g -O2  conftest.c >&5
configure:4105: $? = 0
configure:4105: result: yes
configure:4105: checking for inttypes.h
configure:4105: gcc -c -g -O2  conftest.c >&5
configure:4105: $? = 0
configure:4105: result: yes
configure:4105: checking for stdint.h
configure:4105: gcc -c -g -O2  conftest.c >&5
configure:4105: $? = 0
configure:4105: result: yes
configure:4105: checking for unistd.h
configure:4105: gcc -c -g -O2  conftest.c >&5
configure:4105: $? = 0
configure:4105: result: yes
configure:4120: checking stddef.h usability
configure:4120: gcc -c -g -O2  conftest.c >&5
configure:4120: $? = 0
configure:4120: result: yes
configure:4120: checking stddef.h presence
configure:4120: gcc -E  conftest.c
configure:4120: $? = 0
configure:4120: result: yes
configure:4120: checking for stddef.h
configure:4120: result: yes
configure:4120: checking for stdlib.h
configure:4120: result: yes
configure:4120: checking for string.h
configure:4120: result: yes
configure:4132: checking for size_t
configure:4132: gcc -c -g -O2  conftest.c >&5
configure:4132: $? = 0
configure:4132: gcc -c -g -O2  conftest.c >&5
conftest.c: In function 'main':
conftest.c:60:21: error: expected expression before ')' token
   60 | if (sizeof ((size_t)))
      |                     ^
configure:4132: $? = 1
configure: failed program was:
| /* confdefs.h */
| #define PACKAGE_NAME "bd"
| #define PACKAGE_TARNAME "bd"
| #define PACKAGE_VERSION "0.01"
| #define PACKAGE_STRING "bd 0.01"
| #define PACKAGE_BUGREPORT "google@mail.ru"
| #define PACKAGE_URL ""
| #define PACKAGE "bd"
| #define VERSION "0.01"
| #define STDC_HEADERS 1
| #define HAVE_SYS_TYPES_H 1
| #define HAVE_SYS_STAT_H 1
| #define HAVE_STDLIB_H 1
| #define HAVE_STRING_H 1
| #define HAVE_MEMORY_H 1
| #define HAVE_STRINGS_H 1
| #define HAVE_INTTYPES_H 1
| #define HAVE_STDINT_H 1
| #define HAVE_UNISTD_H 1
| #define HAVE_STDDEF_H 1
| #define HAVE_STDLIB_H 1
| #define HAVE_STRING_H 1
| /* end confdefs.h.  */
| #include <stdio.h>
| #ifdef HAVE_SYS_TYPES_H
| # include <sys/types.h>
| #endif
| #ifdef HAVE_SYS_STAT_H
| # include <sys/stat.h>
| #endif
| #ifdef STDC_HEADERS
| # include <stdlib.h>
| # include <stddef.h>
| #else
| # ifdef HAVE_STDLIB_H
| #  include <stdlib.h>
| # endif
| #endif
| #ifdef HAVE_STRING_H
| # if !defined STDC_HEADERS && defined HAVE_MEMORY_H
| #  include <memory.h>
| # endif
| # include <string.h>
| #endif
| #ifdef HAVE_STRINGS_H
| # include <strings.h>
| #endif
| #ifdef HAVE_INTTYPES_H
| # include <inttypes.h>
| #endif
| #ifdef HAVE_STDINT_H
| # include <stdint.h>
| #endif
| #ifdef HAVE_UNISTD_H
| # include <unistd.h>
| #endif
| int
| main ()
| {
| if (sizeof ((size_t)))
| 	    return 0;
|   ;
|   return 0;
| }
configure:4132: result: yes
configure:4147: checking for stdlib.h
configure:4147: result: yes
configure:4157: checking for GNU libc compatible malloc
configure:4181: gcc -o conftest -g -O2   conftest.c  >&5
configure:4181: $? = 0
configure:4181: ./conftest
configure:4181: $? = 0
configure:4191: result: yes
configure:4315: checking that generated files are newer than configure
configure:4321: result: done
configure:4344: creating ./config.status

## ---------------------- ##
## Running config.status. ##
## ---------------------- ##

This file was extended by bd config.status 0.01, which was
generated by GNU Autoconf 2.69.  Invocation command line was

  CONFIG_FILES    = 
  CONFIG_HEADERS  = 
  CONFIG_LINKS    = 
  CONFIG_COMMANDS = 
  $ ./config.status 

on DESKTOP-NLFE3GD

config.status:855: creating Makefile
config.status:855: creating src/Makefile
config.status:855: creating config.h
config.status:1084: executing depfiles commands

## ---------------- ##
## Cache variables. ##
## ---------------- ##

ac_cv_c_compiler_gnu=yes
ac_cv_env_CC_set=
ac_cv_env_CC_value=
ac_cv_env_CFLAGS_set=
ac_cv_env_CFLAGS_value=
ac_cv_env_CPPFLAGS_set=
ac_cv_env_CPPFLAGS_value=
ac_cv_env_CPP_set=
ac_cv_env_CPP_value=
ac_cv_env_LDFLAGS_set=
ac_cv_env_LDFLAGS_value=
ac_cv_env_LIBS_set=
ac_cv_env_LIBS_value=
ac_cv_env_build_alias_set=
ac_cv_env_build_alias_value=
ac_cv_env_host_alias_set=
ac_cv_env_host_alias_value=
ac_cv_env_target_alias_set=
ac_cv_env_target_alias_value=
ac_cv_func_malloc_0_nonnull=yes
ac_cv_header_inttypes_h=yes
ac_cv_header_memory_h=yes
ac_cv_header_stdc=yes
ac_cv_header_stddef_h=yes
ac_cv_header_stdint_h=yes
ac_cv_header_stdlib_h=yes
ac_cv_header_string_h=yes
ac_cv_header_strings_h=yes
ac_cv_header_sys_stat_h=yes
ac_cv_header_sys_types_h=yes
ac_cv_header_unistd_h=yes
ac_cv_objext=o
ac_cv_path_EGREP='/usr/bin/grep -E'
ac_cv_path_GREP=/usr/bin/grep
ac_cv_path_install='/usr/bin/install -c'
ac_cv_path_mkdir=/usr/bin/mkdir
ac_cv_prog_AWK=gawk
ac_cv_prog_CPP='gcc -E'
ac_cv_prog_ac_ct_CC=gcc
ac_cv_prog_cc_c89=
ac_cv_prog_cc_g=yes
ac_cv_prog_make_make_set=yes
ac_cv_type_size_t=yes
am_cv_CC_dependencies_compiler_type=none
am_cv_make_support_nested_variables=yes
am_cv_prog_cc_c_o=yes

## ----------------- ##
## Output variables. ##
## ----------------- ##

ACLOCAL='${SHELL} /home/k/anna/two/autotool/missing aclocal-1.16'
AMDEPBACKSLASH='\'
AMDEP_FALSE='#'
AMDEP_TRUE=''
AMTAR='$${TAR-tar}'
AM_BACKSLASH='\'
AM_DEFAULT_V='$(AM_DEFAULT_VERBOSITY)'
AM_DEFAULT_VERBOSITY='1'
AM_V='$(V)'
AUTOCONF='${SHELL} /home/k/anna/two/autotool/missing autoconf'
AUTOHEADER='${SHELL} /home/k/anna/two/autotool/missing autoheader'
AUTOMAKE='${SHELL} /home/k/anna/two/autotool/missing automake-1.16'
AWK='gawk'
CC='gcc'
CCDEPMODE='depmode=none'
CFLAGS='-g -O2'
CPP='gcc -E'
CPPFLAGS=''
CYGPATH_W='echo'
DEFS='-DHAVE_CONFIG_H'
DEPDIR='.deps'
ECHO_C=''
ECHO_N='-n'
ECHO_T=''
EGREP='/usr/bin/grep -E'
EXEEXT=''
GREP='/usr/bin/grep'
INSTALL_DATA='${INSTALL} -m 644'
INSTALL_PROGRAM='${INSTALL}'
INSTALL_SCRIPT='${INSTALL}'
INSTALL_STRIP_PROGRAM='$(install_sh) -c -s'
LDFLAGS=''
LIBOBJS=''
LIBS=''
LTLIBOBJS=''
MAKEINFO='${SHELL} /home/k/anna/two/autotool/missing makeinfo'
MKDIR_P='/usr/bin/mkdir -p'
OBJEXT='o'
PACKAGE='bd'
PACKAGE_BUGREPORT='google@mail.ru'
PACKAGE_NAME='bd'
PACKAGE_STRING='bd 0.01'
PACKAGE_TARNAME='bd'
PACKAGE_URL=''
PACKAGE_VERSION='0.01'
PATH_SEPARATOR=':'
SET_MAKE=''
SHELL='/bin/bash'
STRIP=''
VERSION='0.01'
ac_ct_CC='gcc'
am__EXEEXT_FALSE=''
am__EXEEXT_TRUE='#'
am__fastdepCC_FALSE=''
am__fastdepCC_TRUE='#'
am__include='include'
am__isrc=''
am__leading_dot='.'
am__nodep='_no'
am__quote=''
am__tar='$${TAR-tar} chof - "$$tardir"'
am__untar='$${TAR-tar} xf -'
bindir='${exec_prefix}/bin'
build_alias=''
datadir='${datarootdir}'
datarootdir='${prefix}/share'
docdir='${datarootdir}/doc/${PACKAGE_TARNAME}'
dvidir='${docdir}'
exec_prefix='${prefix}'
host_alias=''
htmldir='${docdir}'
includedir='${prefix}/include'
infodir='${datarootdir}/info'
install_sh='${SHELL} /home/k/anna/two/autotool/install-sh'
libdir='${exec_prefix}/lib'
libexecdir='${exec_prefix}/libexec'
localedir='${datarootdir}/locale'
localstatedir='${prefix}/var'
mandir='${datarootdir}/man'
mkdir_p='$(MKDIR_P)'
oldincludedir='/usr/include'
pdfdir='${docdir}'
prefix='/usr/local'
program_transform_name='s,x,x,'
psdir='${docdir}'
runstatedir='${localstatedir}/run'
sbindir='${exec_prefix}/sbin'
sharedstatedir='${prefix}/com'
sysconfdir='${prefix}/etc'
target_alias=''

## ----------- ##
## confdefs.h. ##
## ----------- ##

/* confdefs.h */
#define PACKAGE_NAME "bd"
#define PACKAGE_TARNAME "bd"
#define PACKAGE_VERSION "0.01"
#define PACKAGE_STRING "bd 0.01"
#define PACKAGE_BUGREPORT "google@mail.ru"
#define PACKAGE_URL ""
#define PACKAGE "bd"
#define VERSION "0.01"
#define STDC_HEADERS 1
#define HAVE_SYS_TYPES_H 1
#define HAVE_SYS_STAT_H 1
#define HAVE_STDLIB_H 1
#define HAVE_STRING_H 1
#define HAVE_MEMORY_H 1
#define HAVE_STRINGS_H 1
#define HAVE_INTTYPES_H 1
#define HAVE_STDINT_H 1
#define HAVE_UNISTD_H 1
#define HAVE_STDDEF_H 1
#define HAVE_STDLIB_H 1
#define HAVE_STRING_H 1
#define HAVE_STDLIB_H 1
#define HAVE_MALLOC 1

configure: exit 0

## ---------------------- ##
## Running config.status. ##
## ---------------------- ##

This file was extended by bd config.status 0.01, which was
generated by GNU Autoconf 2.69.  Invocation command line was

  CONFIG_FILES    = 
  CONFIG_HEADERS  = 
  CONFIG_LINKS    = 
  CONFIG_COMMANDS = 
  $ ./config.status config.h

on DESKTOP-NLFE3GD

config.status:855: creating config.h
config.status:1036: config.h is unchanged
